16:33:58 **** Incremental Build of configuration Debug for project PE1_RevVec ****
make all 
Building target: PE1_RevVec
Invoking: MacOS X C++ Linker
g++  -o "PE1_RevVec"  ./src/testRevVec.o   
Undefined symbols for architecture x86_64:
  "std::ios_base::Init::Init()", referenced from:
      ___cxx_global_var_init in testRevVec.o
  "std::ios_base::Init::~Init()", referenced from:
      ___cxx_global_var_init in testRevVec.o
  "_main", referenced from:
     implicit entry/start for main executable
ld: symbol(s) not found for architecture x86_64
clang: error: linker command failed with exit code 1 (use -v to see invocation)
make: *** [PE1_RevVec] Error 1

16:33:58 Build Finished (took 119ms)

